1709150611392:quit
1709151813939:hi
1709152188665:help
1709152199055:clear
1709152203898:history
1709152210473:version
1709152223215:quit
1709152481386:help
1709152502474:minimum-free-disk-space
1709152642443:fds
1709152752737:exit
1709152840153:help
1709152848168:exit
1709153688377:lc Hello Spring Shell
1709153738161:exit
1709206163689:help
1709206166644:hi
1709206169446:fds
1709206175061:slc
1709206186303:slc welcom to spring
1709206192630:WELCOME TO SPRING
1709206197604:EXIT
1709206200005:exit
1709206432549:help
1709206436949:hi
1709206440051:fds
1709206442892:slc
1709206445195:exit
1709208352407:help
1709208363901:quit
1709208412887:help
1709208416315:hi
1709208419852:fds
1709208436157:quit
